[02-Aug-2025 22:31:34 Europe/Berlin] [LOGIN_GOOGLE] === INICIO SCRIPT ===
[02-Aug-2025 22:31:34 Europe/Berlin] [LOGIN_GOOGLE] Sesión iniciada
[02-Aug-2025 22:31:34 Europe/Berlin] [LOGIN_GOOGLE] Conexión incluida correctamente
[02-Aug-2025 22:31:34 Europe/Berlin] [LOGIN_GOOGLE] Input raw: {"credential":"eyJhbGciOiJSUzI1NiIsImtpZCI6ImRkNTMwMTIwNGZjMWQ2YTBkNjhjNzgzYTM1Y2M5YzEwYjI1ZTFmNGEiL...
[02-Aug-2025 22:31:34 Europe/Berlin] [LOGIN_GOOGLE] Token recibido (primeros 50 chars): eyJhbGciOiJSUzI1NiIsImtpZCI6ImRkNTMwMTIwNGZjMWQ2YT...
[02-Aug-2025 22:31:34 Europe/Berlin] [LOGIN_GOOGLE] Iniciando validación con Google...
[02-Aug-2025 22:31:34 Europe/Berlin] [LOGIN_GOOGLE] Respuesta Google - HTTP: 200, Error: 
[02-Aug-2025 22:31:34 Europe/Berlin] [LOGIN_GOOGLE] Tiempo total CURL: 0.267281s
[02-Aug-2025 22:31:34 Europe/Berlin] [LOGIN_GOOGLE] Datos Google decodificados correctamente
[02-Aug-2025 22:31:34 Europe/Berlin] [LOGIN_GOOGLE] Usuario Google: carlosmc.dn24@utsjr.edu.mx
[02-Aug-2025 22:31:34 Europe/Berlin] [LOGIN_GOOGLE] ¿Es administrador? NO
[02-Aug-2025 22:31:34 Europe/Berlin] [LOGIN_GOOGLE] Consultando usuario en BD...
[02-Aug-2025 22:31:34 Europe/Berlin] [LOGIN_GOOGLE] Usuario encontrado: SÍ (ID: 1)
[02-Aug-2025 22:31:34 Europe/Berlin] [LOGIN_GOOGLE] Sesión creada para usuario existente - ID: 1
[02-Aug-2025 22:31:34 Europe/Berlin] [LOGIN_GOOGLE] === FIN SCRIPT EXITOSO ===
[02-Aug-2025 23:50:55 Europe/Berlin] [LOGIN_GOOGLE] === INICIO SCRIPT ===
[02-Aug-2025 23:50:55 Europe/Berlin] [LOGIN_GOOGLE] Sesión iniciada
[02-Aug-2025 23:50:55 Europe/Berlin] [LOGIN_GOOGLE] Conexión incluida correctamente
[02-Aug-2025 23:50:55 Europe/Berlin] [LOGIN_GOOGLE] Input raw: {"credential":"eyJhbGciOiJSUzI1NiIsImtpZCI6ImRkNTMwMTIwNGZjMWQ2YTBkNjhjNzgzYTM1Y2M5YzEwYjI1ZTFmNGEiL...
[02-Aug-2025 23:50:55 Europe/Berlin] [LOGIN_GOOGLE] Token recibido (primeros 50 chars): eyJhbGciOiJSUzI1NiIsImtpZCI6ImRkNTMwMTIwNGZjMWQ2YT...
[02-Aug-2025 23:50:55 Europe/Berlin] [LOGIN_GOOGLE] Iniciando validación con Google...
[02-Aug-2025 23:50:55 Europe/Berlin] [LOGIN_GOOGLE] Respuesta Google - HTTP: 200, Error: 
[02-Aug-2025 23:50:55 Europe/Berlin] [LOGIN_GOOGLE] Tiempo total CURL: 0.217332s
[02-Aug-2025 23:50:55 Europe/Berlin] [LOGIN_GOOGLE] Datos Google decodificados correctamente
[02-Aug-2025 23:50:55 Europe/Berlin] [LOGIN_GOOGLE] Usuario Google: carlosmc.dn24@utsjr.edu.mx
[02-Aug-2025 23:50:55 Europe/Berlin] [LOGIN_GOOGLE] ¿Es administrador? NO
[02-Aug-2025 23:50:55 Europe/Berlin] [LOGIN_GOOGLE] Consultando usuario en BD...
[02-Aug-2025 23:50:55 Europe/Berlin] [LOGIN_GOOGLE] Usuario encontrado: NO
[02-Aug-2025 23:50:55 Europe/Berlin] [LOGIN_GOOGLE] Creando nuevo usuario...
[02-Aug-2025 23:50:55 Europe/Berlin] [LOGIN_GOOGLE] Usuario creado correctamente - ID: 1
[02-Aug-2025 23:50:55 Europe/Berlin] [LOGIN_GOOGLE] === FIN SCRIPT EXITOSO ===
[03-Aug-2025 00:10:07 Europe/Berlin] [LOGIN_GOOGLE] === INICIO SCRIPT ===
[03-Aug-2025 00:10:07 Europe/Berlin] [LOGIN_GOOGLE] Sesión iniciada
[03-Aug-2025 00:10:07 Europe/Berlin] [LOGIN_GOOGLE] Conexión incluida correctamente
[03-Aug-2025 00:10:07 Europe/Berlin] [LOGIN_GOOGLE] Input raw: {"credential":"eyJhbGciOiJSUzI1NiIsImtpZCI6ImRkNTMwMTIwNGZjMWQ2YTBkNjhjNzgzYTM1Y2M5YzEwYjI1ZTFmNGEiL...
[03-Aug-2025 00:10:07 Europe/Berlin] [LOGIN_GOOGLE] Token recibido (primeros 50 chars): eyJhbGciOiJSUzI1NiIsImtpZCI6ImRkNTMwMTIwNGZjMWQ2YT...
[03-Aug-2025 00:10:07 Europe/Berlin] [LOGIN_GOOGLE] Iniciando validación con Google...
[03-Aug-2025 00:10:07 Europe/Berlin] [LOGIN_GOOGLE] Respuesta Google - HTTP: 200, Error: 
[03-Aug-2025 00:10:07 Europe/Berlin] [LOGIN_GOOGLE] Tiempo total CURL: 0.233467s
[03-Aug-2025 00:10:07 Europe/Berlin] [LOGIN_GOOGLE] Datos Google decodificados correctamente
[03-Aug-2025 00:10:07 Europe/Berlin] [LOGIN_GOOGLE] Usuario Google: carlosmc.dn24@utsjr.edu.mx
[03-Aug-2025 00:10:07 Europe/Berlin] [LOGIN_GOOGLE] ¿Es administrador? NO
[03-Aug-2025 00:10:07 Europe/Berlin] [LOGIN_GOOGLE] Consultando usuario en BD...
[03-Aug-2025 00:10:07 Europe/Berlin] [LOGIN_GOOGLE] Usuario encontrado: SÍ (ID: 1)
[03-Aug-2025 00:10:07 Europe/Berlin] [LOGIN_GOOGLE] Sesión creada para usuario existente - ID: 1
[03-Aug-2025 00:10:07 Europe/Berlin] [LOGIN_GOOGLE] === FIN SCRIPT EXITOSO ===
[03-Aug-2025 00:48:14 Europe/Berlin] [LOGIN_GOOGLE] === INICIO SCRIPT ===
[03-Aug-2025 00:48:14 Europe/Berlin] [LOGIN_GOOGLE] Sesión iniciada
[03-Aug-2025 00:48:14 Europe/Berlin] [LOGIN_GOOGLE] Conexión incluida correctamente
[03-Aug-2025 00:48:14 Europe/Berlin] [LOGIN_GOOGLE] Input raw: {"credential":"eyJhbGciOiJSUzI1NiIsImtpZCI6ImRkNTMwMTIwNGZjMWQ2YTBkNjhjNzgzYTM1Y2M5YzEwYjI1ZTFmNGEiL...
[03-Aug-2025 00:48:14 Europe/Berlin] [LOGIN_GOOGLE] Token recibido (primeros 50 chars): eyJhbGciOiJSUzI1NiIsImtpZCI6ImRkNTMwMTIwNGZjMWQ2YT...
[03-Aug-2025 00:48:14 Europe/Berlin] [LOGIN_GOOGLE] Iniciando validación con Google...
[03-Aug-2025 00:48:14 Europe/Berlin] [LOGIN_GOOGLE] Respuesta Google - HTTP: 200, Error: 
[03-Aug-2025 00:48:14 Europe/Berlin] [LOGIN_GOOGLE] Tiempo total CURL: 0.172462s
[03-Aug-2025 00:48:14 Europe/Berlin] [LOGIN_GOOGLE] Datos Google decodificados correctamente
[03-Aug-2025 00:48:14 Europe/Berlin] [LOGIN_GOOGLE] Usuario Google: carlosmc.dn24@utsjr.edu.mx
[03-Aug-2025 00:48:14 Europe/Berlin] [LOGIN_GOOGLE] ¿Es administrador? NO
[03-Aug-2025 00:48:14 Europe/Berlin] [LOGIN_GOOGLE] Consultando usuario en BD...
[03-Aug-2025 00:48:14 Europe/Berlin] [LOGIN_GOOGLE] Usuario encontrado: SÍ (ID: 1)
[03-Aug-2025 00:48:14 Europe/Berlin] [LOGIN_GOOGLE] Sesión creada para usuario existente - ID: 1
[03-Aug-2025 00:48:14 Europe/Berlin] [LOGIN_GOOGLE] === FIN SCRIPT EXITOSO ===
